<?xml version='1.0' encoding='UTF-8'?>
<testsuite hostname="mathys-ux331ua" name="com.tp.spark.core.Ex3HashTagMiningSpec" tests="3" errors="0" failures="0" skipped="0" time="10.421" timestamp="2022-03-04T13:23:38">
          <properties>
[...]
</properties>
          <testcase classname="com.tp.spark.core.Ex3HashTagMiningSpec" name="should count the hashtag mentioned on tweets" time="5.901">
                      
                    </testcase><testcase classname="com.tp.spark.core.Ex3HashTagMiningSpec" name="should count the number of mention by hashtag" time="2.85">
                      
                    </testcase><testcase classname="com.tp.spark.core.Ex3HashTagMiningSpec" name="should define the top10" time="1.67">
                      
                    </testcase>
          <system-out><![CDATA[]]></system-out>
          <system-err><![CDATA[]]></system-err>
        </testsuite>